demo/build/outputs/mapping/debug/mapping.txt
# compiler: R8
# compiler_version: 1.5.68
# min_api: 14
# pg_map_id: 3e318c0
com.mintegral.sdk.demo.AppwallActivity -> com.mintegral.sdk.demo.AppwallActivity:
    java.util.Map properties -> r
    com.mintegral.sdk.demo.view.CommonTitleLayout mTitleLayout -> q
    boolean[] $jacocoData -> s
    android.widget.Button btn_intent -> p
    android.widget.Button btn_pre -> o
    com.mintegral.msdk.out.MtgWallHandler mtgHandler -> n
    android.view.ViewGroup nat -> m
    23:23:void <clinit>() -> <clinit>
    22:29:void <init>() -> <init>
    33:33:int getResLayoutId() -> g
    46:48:void initData() -> h
    38:42:void initView() -> i
    52:54:void setListener() -> j
    132:155:void loadHandler() -> k
    187:193:void openWall() -> l
    174:180:void preloadWall() -> m
    boolean[] $jacocoInit() -> n
    159:168:void onClick(android.view.View) -> onClick
com.mintegral.sdk.demo.BannerActivity -> com.mintegral.sdk.demo.BannerActivity:
    com.mintegral.msdk.out.MTGBannerView mtgBannerView -> m
    java.lang.String TAG -> n
    boolean[] $jacocoData -> o
    17:17:void <clinit>() -> <clinit>
    15:15:void <init>() -> <init>
    15:15:void access$000(com.mintegral.sdk.demo.BannerActivity,java.lang.String) -> a
    110:111:void showToast(java.lang.String) -> a
    23:23:int getResLayoutId() -> g
    28:29:void initData() -> h
    39:40:void initView() -> i
    34:34:void setListener() -> j
    boolean[] $jacocoInit() -> k
    15:15:java.lang.String access$100() -> l
    44:105:void loadNative() -> m
    115:119:void onDestroy() -> onDestroy
com.mintegral.sdk.demo.BannerActivity$1 -> com.mintegral.sdk.demo.BannerActivity$a:
    com.mintegral.sdk.demo.BannerActivity this$0 -> a
    boolean[] $jacocoData -> b
    48:48:void <init>(com.mintegral.sdk.demo.BannerActivity) -> <init>
    boolean[] $jacocoInit() -> a
    51:54:void onLoadFailed(java.lang.String) -> a
    73:75:void onLeaveApp() -> b
    91:93:void onLogImpression() -> c
    67:69:void onClick() -> d
    59:61:void onLoadSuccessed() -> e
    97:99:void onCloseBanner() -> f
com.mintegral.sdk.demo.BaseActivity -> com.mintegral.sdk.demo.a:
    boolean[] $jacocoData -> l
    17:17:void <init>() -> <init>
    44:53:void setTranslucentStatus(boolean) -> a
    int getResLayoutId() -> g
    void initData() -> h
    void initView() -> i
    void setListener() -> j
    boolean[] $jacocoInit() -> k
    33:40:void initWindow() -> l
    23:30:void onCreate(android.os.Bundle) -> onCreate
com.mintegral.sdk.demo.FeedsImageActivity -> com.mintegral.sdk.demo.FeedsImageActivity:
    java.lang.String TAG -> v
    boolean[] $jacocoData -> w
    android.widget.TextView mTvAppDesc -> q
    android.widget.TextView mTvAppName -> p
    android.widget.LinearLayout mLl_Root -> m
    android.widget.TextView mTvCta -> r
    com.mintegral.sdk.demo.view.StarLevelLayoutView mStarLayout -> s
    android.widget.ProgressBar mProgressBar -> u
    android.widget.ImageView mIvIcon -> n
    com.mintegral.msdk.out.MtgNativeHandler nativeHandle -> t
    android.widget.ImageView mIvImage -> o
    33:33:void <clinit>() -> <clinit>
    32:32:void <init>() -> <init>
    32:32:void access$000(com.mintegral.sdk.demo.FeedsImageActivity) -> a
    137:164:void fillFeedsImageLayout(java.util.List) -> a
    32:32:android.widget.ImageView access$200(com.mintegral.sdk.demo.FeedsImageActivity) -> b
    32:32:android.widget.ImageView access$300(com.mintegral.sdk.demo.FeedsImageActivity) -> c
    48:48:int getResLayoutId() -> g
    65:67:void initData() -> h
    53:61:void initView() -> i
    72:72:void setListener() -> j
    101:134:void loadNative() -> k
    86:97:void preloadNative() -> l
    boolean[] $jacocoInit() -> m
    32:32:java.lang.String access$100() -> n
    80:82:void hideLoadding() -> o
    75:77:void showLoadding() -> p
...
com.mintegral.msdk.f.n -> b.d.a.l.q:
    10:11:void <init>(java.lang.String) -> <init>
    14:15:void <init>(java.lang.String,java.lang.Throwable) -> <init>
com.mintegral.msdk.f.o -> b.d.a.l.r:
    20:20:void <clinit>() -> <clinit>
    19:19:void <init>() -> <init>
    25:27:java.lang.String a(java.lang.String) -> a
    31:34:void a(byte[],long,int) -> a
    63:70:void a(java.io.Closeable) -> a
    48:50:java.lang.String b(java.lang.String) -> b
    56:58:java.lang.String c(java.lang.String) -> c
    74:78:java.lang.String d(java.lang.String) -> d
com.mintegral.msdk.f.p -> b.d.a.l.s:
com.mintegral.msdk.f.q -> b.d.a.l.t:
    9:13:void <init>(java.lang.String,long,java.lang.String) -> <init>
    17:17:java.lang.String toString() -> toString
com.mintegral.msdk.f.r -> b.d.a.l.u:
    12:12:void <clinit>() -> <clinit>
    11:11:void <init>() -> <init>
    24:25:java.io.File a(android.content.Context) -> a
    40:58:java.io.File a(android.content.Context,boolean) -> a
com.mintegral.msdk.f.s -> b.d.a.l.v:
    17:21:boolean a(android.content.pm.ApplicationInfo) -> a
com.mintegral.msdk.interactiveads.a.a -> b.d.a.m.a.a:
    android.content.Context b -> a
    long j -> i
    boolean l -> k
    boolean m -> l
    int e -> d
    android.os.CountDownTimer k -> j
    com.mintegral.msdk.interactiveads.d.a f -> e
    com.mintegral.msdk.interactiveads.d.b g -> f
    boolean h -> g
    android.os.Handler n -> m
    boolean i -> h
    java.util.List a -> n
    java.lang.String d -> c
    java.lang.String c -> b
    170:176:void <init>(android.content.Context,java.lang.String,java.lang.String) -> <init>
    71:71:void a(com.mintegral.msdk.interactiveads.a.a,com.mintegral.msdk.base.entity.CampaignUnit) -> a
    71:71:void a(com.mintegral.msdk.interactiveads.a.a,java.util.List) -> a
    71:71:void a(com.mintegral.msdk.interactiveads.a.a,java.util.List,java.lang.String) -> a
    71:71:boolean a(com.mintegral.msdk.interactiveads.a.a) -> a
    71:71:boolean a(com.mintegral.msdk.interactiveads.a.a,boolean) -> a
    157:158:void a(com.mintegral.msdk.interactiveads.d.a) -> a
    163:164:void a(com.mintegral.msdk.interactiveads.d.b) -> a
    179:179:java.lang.String b() -> a
    259:262:void a(java.util.List) -> a
    425:424:void a(java.util.List,java.lang.String,boolean,boolean) -> a
    618:640:void a(java.lang.String,com.mintegral.msdk.interactiveads.d.d) -> a
    706:736:void a(com.mintegral.msdk.base.entity.CampaignUnit,java.lang.String,com.mintegral.msdk.interactiveads.d.d) -> a
com.mintegral.msdk.interactiveads.a.a$1 -> b.d.a.m.a.a$a:
    121:121:void <init>(com.mintegral.msdk.interactiveads.a.a,long,long) -> <init>
    128:138:void onFinish() -> onFinish
    124:124:void onTick(long) -> onTick
com.mintegral.msdk.interactiveads.a.a$2 -> b.d.a.m.a.a$b:
    278:278:void <init>(com.mintegral.msdk.interactiveads.a.a,android.os.Looper) -> <init>
    283:415:void handleMessage(android.os.Message) -> handleMessage
com.mintegral.msdk.interactiveads.a.a$2$1 -> b.d.a.m.a.a$b$a:
    java.lang.String b -> h
    com.mintegral.msdk.interactiveads.a.a$2 c -> i
    com.mintegral.msdk.interactiveads.d.d a -> g
    306:306:void <init>(com.mintegral.msdk.interactiveads.a.a$2,com.mintegral.msdk.interactiveads.d.d,java.lang.String) -> <init>
    311:323:void a(com.mintegral.msdk.base.entity.CampaignUnit) -> a
    327:343:void a(int,java.lang.String) -> b
com.mintegral.msdk.interactiveads.a.a$3 -> b.d.a.m.a.a$c:
    618:618:void <init>(com.mintegral.msdk.interactiveads.a.a,java.lang.String,com.mintegral.msdk.interactiveads.d.d) -> <init>
    622:635:void run() -> run
com.mintegral.msdk.interactiveads.a.a$4 -> b.d.a.m.a.a$d:
    975:975:void <init>(com.mintegral.msdk.interactiveads.a.a,java.util.List,java.lang.String,com.mintegral.msdk.base.entity.CampaignUnit) -> <init>
    979:1004:void run() -> run